<?xml version="1.0" encoding="UTF-8"?>
<!-- Generated by org.testng.reporters.JUnitReportReporter -->
<testsuite hostname="Sameer-Pasha" failures="0" tests="5" name="testCases.TC003_LoginDDT" time="44.166" errors="0" timestamp="2025-06-13T20:47:44 IST" skipped="0">
  <testcase classname="testCases.TC003_LoginDDT" name="verify_loginDDT" time="2.154"/>
  <testcase classname="testCases.TC003_LoginDDT" name="verify_loginDDT" time="11.992"/>
  <testcase classname="testCases.TC003_LoginDDT" name="verify_loginDDT" time="11.016"/>
  <testcase classname="testCases.TC003_LoginDDT" name="verify_loginDDT" time="7.141"/>
  <testcase classname="testCases.TC003_LoginDDT" name="verify_loginDDT" time="11.863"/>
</testsuite> <!-- testCases.TC003_LoginDDT -->
