<?xml version="1.0" encoding="UTF-8"?>
<!-- Generated by org.testng.reporters.JUnitReportReporter -->
<testsuite hostname="Sameer-Pasha" failures="0" tests="1" name="testCases.TC002_LoginTest" time="4.178" errors="0" timestamp="2025-06-19T14:09:15 IST" skipped="0">
  <testcase classname="testCases.TC002_LoginTest" name="login" time="4.178"/>
</testsuite> <!-- testCases.TC002_LoginTest -->
