<?xml version="1.0" encoding="UTF-8"?>
<!-- Generated by org.testng.reporters.JUnitReportReporter -->
<testsuite hostname="Sameer-Pasha" failures="0" tests="1" name="testCases.TC001_AccountRegistrationTest" time="8.926" errors="0" timestamp="2025-06-23T15:19:02 IST" skipped="0">
  <testcase classname="testCases.TC001_AccountRegistrationTest" name="verify_account_registration" time="8.926"/>
</testsuite> <!-- testCases.TC001_AccountRegistrationTest -->
