<?xml version="1.0" encoding="UTF-8"?>
<!-- Generated by org.testng.reporters.JUnitReportReporter -->
<testsuite hostname="Sameer-Pasha" failures="0" tests="1" name="testCases.TC002_LoginTest" time="2.479" errors="0" timestamp="2025-06-23T15:19:02 IST" skipped="0">
  <testcase classname="testCases.TC002_LoginTest" name="login" time="2.479"/>
</testsuite> <!-- testCases.TC002_LoginTest -->
